Traceback (most recent call last):
  File "/usr/local/lib/python3.9/site-packages/gradio/queueing.py", line 536, in process_events
    response = await route_utils.call_process_api(
  File "/usr/local/lib/python3.9/site-packages/gradio/route_utils.py", line 288, in call_process_api
    output = await app.get_blocks().process_api(
  File "/usr/local/lib/python3.9/site-packages/gradio/blocks.py", line 1931, in process_api
    result = await self.call_function(
  File "/usr/local/lib/python3.9/site-packages/gradio/blocks.py", line 1516, in call_function
    prediction = await anyio.to_thread.run_sync(  # type: ignore
  File "/usr/local/lib/python3.9/site-packages/anyio/to_thread.py", line 56, in run_sync
    return await get_async_backend().run_sync_in_worker_thread(
  File "/usr/local/lib/python3.9/site-packages/anyio/_backends/_asyncio.py", line 2177, in run_sync_in_worker_thread
    return await future
  File "/usr/local/lib/python3.9/site-packages/anyio/_backends/_asyncio.py", line 859, in run
    result = context.run(func, *args)
  File "/usr/local/lib/python3.9/site-packages/gradio/utils.py", line 826, in wrapper
    response = f(*args, **kwargs)
  File "/usr/code/./ui_manage_ucd_tags.py", line 182, in add_tag_info
    add_tag_to_json()
TypeError: add_tag_to_json() missing 2 required positional arguments: 'json_path' and 'tag_name'
Traceback (most recent call last):
  File "/usr/local/lib/python3.9/site-packages/gradio/queueing.py", line 536, in process_events
    response = await route_utils.call_process_api(
  File "/usr/local/lib/python3.9/site-packages/gradio/route_utils.py", line 288, in call_process_api
    output = await app.get_blocks().process_api(
  File "/usr/local/lib/python3.9/site-packages/gradio/blocks.py", line 1931, in process_api
    result = await self.call_function(
  File "/usr/local/lib/python3.9/site-packages/gradio/blocks.py", line 1516, in call_function
    prediction = await anyio.to_thread.run_sync(  # type: ignore
  File "/usr/local/lib/python3.9/site-packages/anyio/to_thread.py", line 56, in run_sync
    return await get_async_backend().run_sync_in_worker_thread(
  File "/usr/local/lib/python3.9/site-packages/anyio/_backends/_asyncio.py", line 2177, in run_sync_in_worker_thread
    return await future
  File "/usr/local/lib/python3.9/site-packages/anyio/_backends/_asyncio.py", line 859, in run
    result = context.run(func, *args)
  File "/usr/local/lib/python3.9/site-packages/gradio/utils.py", line 826, in wrapper
    response = f(*args, **kwargs)
  File "/usr/code/./ui_manage_ucd_tags.py", line 187, in add_tag_info
    add_tag_to_json(ucd_name, tag_name)
  File "/usr/code/./ui_manage_ucd_tags.py", line 138, in add_tag_to_json
    info = json.loads(response.text)
  File "/usr/local/lib/python3.9/json/__init__.py", line 346, in loads
    return _default_decoder.decode(s)
  File "/usr/local/lib/python3.9/json/decoder.py", line 337, in decode
    obj, end = self.raw_decode(s, idx=_w(s, 0).end())
  File "/usr/local/lib/python3.9/json/decoder.py", line 355, in raw_decode
    raise JSONDecodeError("Expecting value", s, err.value) from None
json.decoder.JSONDecodeError: Expecting value: line 1 column 1 (char 0)
Traceback (most recent call last):
  File "/usr/code/./ui_manage_ucd_tags.py", line 251, in <module>
    demo.launch(server_name=UI_HOST, server_port=UI_PORT, share=False, debug=False)
  File "/usr/local/lib/python3.9/site-packages/gradio/blocks.py", line 2362, in launch
    ) = http_server.start_server(
  File "/usr/local/lib/python3.9/site-packages/gradio/http_server.py", line 154, in start_server
    raise OSError(
OSError: Cannot find empty port in range: 11105-11105. You can specify a different port by setting the GRADIO_SERVER_PORT environment variable or passing the `server_port` parameter to `launch()`.
Traceback (most recent call last):
  File "/usr/local/lib/python3.9/site-packages/gradio/queueing.py", line 536, in process_events
    response = await route_utils.call_process_api(
  File "/usr/local/lib/python3.9/site-packages/gradio/route_utils.py", line 288, in call_process_api
    output = await app.get_blocks().process_api(
  File "/usr/local/lib/python3.9/site-packages/gradio/blocks.py", line 1931, in process_api
    result = await self.call_function(
  File "/usr/local/lib/python3.9/site-packages/gradio/blocks.py", line 1516, in call_function
    prediction = await anyio.to_thread.run_sync(  # type: ignore
  File "/usr/local/lib/python3.9/site-packages/anyio/to_thread.py", line 56, in run_sync
    return await get_async_backend().run_sync_in_worker_thread(
  File "/usr/local/lib/python3.9/site-packages/anyio/_backends/_asyncio.py", line 2177, in run_sync_in_worker_thread
    return await future
  File "/usr/local/lib/python3.9/site-packages/anyio/_backends/_asyncio.py", line 859, in run
    result = context.run(func, *args)
  File "/usr/local/lib/python3.9/site-packages/gradio/utils.py", line 826, in wrapper
    response = f(*args, **kwargs)
  File "/usr/code/./ui_manage_ucd_tags.py", line 187, in add_tag_info
    add_tag_to_json(ucd_name, tag_name)
  File "/usr/code/./ui_manage_ucd_tags.py", line 138, in add_tag_to_json
    info = json.loads(response.text)
  File "/usr/local/lib/python3.9/json/__init__.py", line 346, in loads
    return _default_decoder.decode(s)
  File "/usr/local/lib/python3.9/json/decoder.py", line 337, in decode
    obj, end = self.raw_decode(s, idx=_w(s, 0).end())
  File "/usr/local/lib/python3.9/json/decoder.py", line 355, in raw_decode
    raise JSONDecodeError("Expecting value", s, err.value) from None
json.decoder.JSONDecodeError: Expecting value: line 1 column 1 (char 0)
Traceback (most recent call last):
  File "/usr/code/./ui_manage_ucd_tags.py", line 251, in <module>
    demo.launch(server_name=UI_HOST, server_port=UI_PORT, share=False, debug=False)
  File "/usr/local/lib/python3.9/site-packages/gradio/blocks.py", line 2362, in launch
    ) = http_server.start_server(
  File "/usr/local/lib/python3.9/site-packages/gradio/http_server.py", line 154, in start_server
    raise OSError(
OSError: Cannot find empty port in range: 11105-11105. You can specify a different port by setting the GRADIO_SERVER_PORT environment variable or passing the `server_port` parameter to `launch()`.
Traceback (most recent call last):
  File "/usr/local/lib/python3.9/site-packages/gradio/queueing.py", line 536, in process_events
    response = await route_utils.call_process_api(
  File "/usr/local/lib/python3.9/site-packages/gradio/route_utils.py", line 288, in call_process_api
    output = await app.get_blocks().process_api(
  File "/usr/local/lib/python3.9/site-packages/gradio/blocks.py", line 1931, in process_api
    result = await self.call_function(
  File "/usr/local/lib/python3.9/site-packages/gradio/blocks.py", line 1516, in call_function
    prediction = await anyio.to_thread.run_sync(  # type: ignore
  File "/usr/local/lib/python3.9/site-packages/anyio/to_thread.py", line 56, in run_sync
    return await get_async_backend().run_sync_in_worker_thread(
  File "/usr/local/lib/python3.9/site-packages/anyio/_backends/_asyncio.py", line 2177, in run_sync_in_worker_thread
    return await future
  File "/usr/local/lib/python3.9/site-packages/anyio/_backends/_asyncio.py", line 859, in run
    result = context.run(func, *args)
  File "/usr/local/lib/python3.9/site-packages/gradio/utils.py", line 826, in wrapper
    response = f(*args, **kwargs)
  File "/usr/code/./ui_manage_ucd_tags.py", line 187, in add_tag_info
    add_tag_to_json(ucd_name, tag_name)
  File "/usr/code/./ui_manage_ucd_tags.py", line 138, in add_tag_to_json
    info = json.loads(response.text)
  File "/usr/local/lib/python3.9/json/__init__.py", line 346, in loads
    return _default_decoder.decode(s)
  File "/usr/local/lib/python3.9/json/decoder.py", line 337, in decode
    obj, end = self.raw_decode(s, idx=_w(s, 0).end())
  File "/usr/local/lib/python3.9/json/decoder.py", line 355, in raw_decode
    raise JSONDecodeError("Expecting value", s, err.value) from None
json.decoder.JSONDecodeError: Expecting value: line 1 column 1 (char 0)
